#
# There is insufficient memory for the Java Runtime Environment to continue.
# Native memory allocation (malloc) failed to allocate 32744 bytes for ChunkPool::allocate
# Possible reasons:
#   The system is out of physical RAM or swap space
#   In 32 bit mode, the process size limit was hit
# Possible solutions:
#   Reduce memory load on the system
#   Increase physical memory or swap space
#   Check if swap backing store is full
#   Use 64 bit Java on a 64 bit OS
#   Decrease Java heap size (-Xmx/-Xms)
#   Decrease number of Java threads
#   Decrease Java thread stack sizes (-Xss)
#   Set larger code cache with -XX:ReservedCodeCacheSize=
# This output file may be truncated or incomplete.
#
#  Out of Memory Error (allocation.cpp:273), pid=1640, tid=6596
#
# JRE version:  (8.0_73-b02) (build )
# Java VM: Java HotSpot(TM) 64-Bit Server VM (25.73-b02 mixed mode windows-amd64 compressed oops)
# Failed to write core dump. Minidumps are not enabled by default on client versions of Windows
#

---------------  T H R E A D  ---------------

Current thread (0x0000000002bc1000):  JavaThread "main" [_thread_in_vm, id=6596, stack(0x00000000029c0000,0x0000000002ac0000)]

Stack: [0x00000000029c0000,0x0000000002ac0000]
[error occurred during error reporting (printing stack bounds), id 0xc0000005]

Native frames: (J=compiled Java code, j=interpreted, Vv=VM code, C=native code)

Java frames: (J=compiled Java code, j=interpreted, Vv=VM code)
j  java.lang.Class.getDeclaredFields0(Z)[Ljava/lang/reflect/Field;+0
j  java.lang.Class.access$100(Ljava/lang/Class;Z)[Ljava/lang/reflect/Field;+2
j  java.lang.Class$Atomic.<clinit>()V+9
v  ~StubRoutines::call_stub
j  java.lang.Class.newReflectionData(Ljava/lang/ref/SoftReference;I)Ljava/lang/Class$ReflectionData;+27
j  java.lang.Class.reflectionData()Ljava/lang/Class$ReflectionData;+45
j  java.lang.Class.privateGetDeclaredFields(Z)[Ljava/lang/reflect/Field;+4
j  java.lang.Class.getDeclaredField(Ljava/lang/String;)Ljava/lang/reflect/Field;+11
j  java.util.concurrent.atomic.AtomicReferenceFieldUpdater$AtomicReferenceFieldUpdaterImpl$1.run()Ljava/lang/reflect/Field;+8
j  java.util.concurrent.atomic.AtomicReferenceFieldUpdater$AtomicReferenceFieldUpdaterImpl$1.run()Ljava/lang/Object;+1
v  ~StubRoutines::call_stub
j  java.security.AccessController.doPrivileged(Ljava/security/PrivilegedExceptionAction;)Ljava/lang/Object;+0
j  java.util.concurrent.atomic.AtomicReferenceFieldUpdater$AtomicReferenceFieldUpdaterImpl.<init>(Ljava/lang/Class;Ljava/lang/Class;Ljava/lang/String;Ljava/lang/Class;)V+14
j  java.util.concurrent.atomic.AtomicReferenceFieldUpdater.newUpdater(Ljava/lang/Class;Ljava/lang/Class;Ljava/lang/String;)Ljava/util/concurrent/atomic/AtomicReferenceFieldUpdater;+10
j  java.io.BufferedInputStream.<clinit>()V+17
v  ~StubRoutines::call_stub
j  java.lang.System.initializeSystemClass()V+70
v  ~StubRoutines::call_stub

---------------  P R O C E S S  ---------------

Java Threads: ( => current thread )
  0x0000000002cb0800 JavaThread "Finalizer" daemon [_thread_blocked, id=5616, stack(0x00000000165e0000,0x00000000166e0000)]
  0x0000000002cad000 JavaThread "Reference Handler" daemon [_thread_blocked, id=6300, stack(0x00000000164e0000,0x00000000165e0000)]
=>0x0000000002bc1000 JavaThread "main" [_thread_in_vm, id=6596, stack(0x00000000029c0000,0x0000000002ac0000)]

Other Threads:
  0x0000000015358000 VMThread [stack: 0x00000000163e0000,0x00000000164e0000] [id=10356]

VM state:not at safepoint (normal execution)

VM Mutex/Monitor currently owned by a thread: None

Heap:
 PSYoungGen      total 38400K, used 1331K [0x00000000eab00000, 0x00000000ed580000, 0x0000000100000000)
  eden space 33280K, 4% used [0x00000000eab00000,0x00000000eac4cd80,0x00000000ecb80000)
  from space 5120K, 0% used [0x00000000ed080000,0x00000000ed080000,0x00000000ed580000)
  to   space 5120K, 0% used [0x00000000ecb80000,0x00000000ecb80000,0x00000000ed080000)
 ParOldGen       total 87552K, used 0K [0x00000000c0000000, 0x00000000c5580000, 0x00000000eab00000)
  object space 87552K, 0% used [0x00000000c0000000,0x00000000c0000000,0x00000000c5580000)
 Metaspace       used 1225K, capacity 4480K, committed 4480K, reserved 1056768K
  class space    used 135K, capacity 384K, committed 384K, reserved 1048576K

Card table byte_map: [0x0000000012080000,0x0000000012290000] byte_map_base: 0x0000000011a80000

Marking Bits: (ParMarkBitMap*) 0x000000006b7f0600
 Begin Bits: [0x00000000127f0000, 0x00000000137f0000)
 End Bits:   [0x00000000137f0000, 0x00000000147f0000)

Polling page: 0x00000000028f0000

CodeCache: size=245760Kb used=405Kb max_used=405Kb free=245354Kb
 bounds [0x0000000002cc0000, 0x0000000002f30000, 0x0000000011cc0000]
 total_blobs=105 nmethods=0 adapters=79
 compilation: enabled

Compilation events (0 events):
No events

GC Heap History (0 events):
No events

Deoptimization events (0 events):
No events

Internal exceptions (2 events):
Event: 0.774 Thread 0x0000000002bc1000 Exception <a 'java/lang/NoSuchMethodError': Method sun.misc.Unsafe.defineClass(Ljava/lang/String;[BII)Ljava/lang/Class; name or signature does not match> (0x00000000eab0d840) thrown at [D:\re\puppet\workspace\8-2-build-windows-amd64-cygwin\jdk8u73\6086\hot«ÔË“≈Ë?
Event: 0.774 Thread 0x0000000002bc1000 Exception <a 'java/lang/NoSuchMethodError': Method sun.misc.Unsafe.prefetchRead(Ljava/lang/Object;J)V name or signature does not match> (0x00000000eab0db28) thrown at [D:\re\puppet\workspace\8-2-build-windows-amd64-cygwin\jdk8u73\6086\hotspot\src\share\vm\

Events (10 events):
Event: 0.778 loading class sun/reflect/generics/repository/AbstractRepository
Event: 0.778 loading class sun/reflect/generics/repository/AbstractRepository done
Event: 0.778 loading class sun/reflect/generics/repository/GenericDeclRepository done
Event: 0.778 loading class sun/reflect/generics/repository/ClassRepository done
Event: 0.778 loading class java/lang/Class$AnnotationData
Event: 0.778 loading class java/lang/Class$AnnotationData done
Event: 0.778 loading class sun/reflect/annotation/AnnotationType
Event: 0.778 loading class sun/reflect/annotation/AnnotationType done
Event: 0.778 loading class java/lang/ClassValue$ClassValueMap
Event: 0.778 loading class java/util/WeakHashMap


Dynamic libraries:
0x00007ff6cf2a0000 - 0x00007ff6cf2d7000 	C:\Program Files\Java\jdk1.8.0_73\bin\java.exe
0x00007ff9af790000 - 0x00007ff9af951000 	C:\Windows\SYSTEM32\ntdll.dll
0x00007ff9af1e0000 - 0x00007ff9af28d000 	C:\Windows\system32\KERNEL32.DLL
0x00007ff9ac050000 - 0x00007ff9ac238000 	C:\Windows\system32\KERNELBASE.dll
0x00007ff9aeeb0000 - 0x00007ff9aef57000 	C:\Windows\system32\ADVAPI32.dll
0x00007ff9ad8b0000 - 0x00007ff9ad94d000 	C:\Windows\system32\msvcrt.dll
0x00007ff9acd40000 - 0x00007ff9acd9b000 	C:\Windows\system32\sechost.dll
0x00007ff9af5e0000 - 0x00007ff9af6fc000 	C:\Windows\system32\RPCRT4.dll
0x00007ff9ad5c0000 - 0x00007ff9ad716000 	C:\Windows\system32\USER32.dll
0x00007ff9ad720000 - 0x00007ff9ad8a6000 	C:\Windows\system32\GDI32.dll
0x00007ff9a8600000 - 0x00007ff9a8874000 	C:\Windows\WinSxS\amd64_microsoft.windows.common-controls_6595b64144ccf1df_6.0.10586.672_none_a2d6b3cea53ff843\COMCTL32.dll
0x00007ff9aef60000 - 0x00007ff9af1dd000 	C:\Windows\system32\combase.dll
0x00007ff9acb20000 - 0x00007ff9acb8a000 	C:\Windows\system32\bcryptPrimitives.dll
0x00007ff9ad570000 - 0x00007ff9ad5ab000 	C:\Windows\system32\IMM32.DLL
0x000000006ab60000 - 0x000000006ac32000 	C:\Program Files\Java\jdk1.8.0_73\jre\bin\msvcr100.dll
0x000000006afe0000 - 0x000000006b870000 	C:\Program Files\Java\jdk1.8.0_73\jre\bin\server\jvm.dll
0x00007ff9af780000 - 0x00007ff9af788000 	C:\Windows\system32\PSAPI.DLL
0x00007ff98a5c0000 - 0x00007ff98a5c9000 	C:\Windows\SYSTEM32\WSOCK32.dll
0x00007ff9af3f0000 - 0x00007ff9af45b000 	C:\Windows\system32\WS2_32.dll
0x00007ff9a9ff0000 - 0x00007ff9aa013000 	C:\Windows\SYSTEM32\WINMM.dll
0x00007ff9a8b90000 - 0x00007ff9a8b9a000 	C:\Windows\SYSTEM32\VERSION.dll
0x00007ff9a9e40000 - 0x00007ff9a9e6c000 	C:\Windows\SYSTEM32\WINMMBASE.dll
0x00007ff9abfa0000 - 0x00007ff9abfe3000 	C:\Windows\system32\cfgmgr32.dll
0x000000006afd0000 - 0x000000006afdf000 	C:\Program Files\Java\jdk1.8.0_73\jre\bin\verify.dll
0x000000006afa0000 - 0x000000006afc9000 	C:\Program Files\Java\jdk1.8.0_73\jre\bin\java.dll
0x000000006af80000 - 0x000000006af96000 	C:\Program Files\Java\jdk1.8.0_73\jre\bin\zip.dll
0x00007ff9ad950000 - 0x00007ff9aeeac000 	C:\Windows\system32\SHELL32.dll
0x00007ff9ac240000 - 0x00007ff9ac885000 	C:\Windows\system32\windows.storage.dll
0x00007ff9ad510000 - 0x00007ff9ad562000 	C:\Windows\system32\shlwapi.dll
0x00007ff9abe20000 - 0x00007ff9abe2f000 	C:\Windows\system32\kernel.appcore.dll
0x00007ff9aca60000 - 0x00007ff9acb15000 	C:\Windows\system32\shcore.dll
0x00007ff9abdd0000 - 0x00007ff9abe1b000 	C:\Windows\system32\powrprof.dll
0x00007ff9abdb0000 - 0x00007ff9abdc4000 	C:\Windows\system32\profapi.dll

VM Arguments:
jvm_args: -Djava.awt.headless=true -Xmx1024M -Dfile.encoding=windows-1252 -Duser.country=US -Duser.language=en -Duser.variant 
java_command: com.android.dx.command.Main --dex --force-jumbo --num-threads=4 --multi-dex --output C:\Users\ruaha\Desktop\Android BE Project\AnomalyDetection\app\build\intermediates\transforms\dex\debug\folders\1000\10\support-annotations-23.0.1_163525482a8abcea6979cb06844e9cc33bface19 C:\Users\ruaha\AppData\Local\Android\sdk\extras\android\m2repository\com\android\support\support-annotations\23.0.1\support-annotations-23.0.1.jar
java_class_path (initial): C:\Users\ruaha\AppData\Local\Android\sdk\build-tools\23.0.1\lib\dx.jar
Launcher Type: SUN_STANDARD

Environment Variables:
JAVA_HOME=C:\Program Files\Java\jdk1.8.0_73
PATH=C:\ProgramData\Oracle\Java\javapath;C:\Program Files (x86)\Intel\iCLS Client\;C:\Program Files\Intel\iCLS Client\;C:\Windows\system32;C:\Windows;C:\Windows\System32\Wbem;C:\Windows\System32\WindowsPowerShell\v1.0\;C:\Program Files (x86)\Intel\Intel(R) Management Engine Components\DAL;C:\Program Files\Intel\Intel(R) Management Engine Components\DAL;C:\Program Files (x86)\Intel\Intel(R) Management Engine Components\IPT;C:\Program Files\Intel\Intel(R) Management Engine Components\IPT;C:\Program Files (x86)\NVIDIA Corporation\PhysX\Common;C:\Program Files\Git\cmd;C:\Program Files (x86)\Windows Live\Shared;C:\Program Files\MATLAB\R2013a\runtime\win64;C:\Program Files\MATLAB\R2013a\bin;C:\Program Files (x86)\Google\google_appengine\;C:\Users\ruaha\AppData\Local\Google\Cloud SDK\google-cloud-sdk\bin
USERNAME=ruaha
OS=Windows_NT
PROCESSOR_IDENTIFIER=Intel64 Family 6 Model 69 Stepping 1, GenuineIntel



---------------  S Y S T E M  ---------------

OS: Windows 10.0 , 64 bit Build 10586 (10.0.10586.589)

CPU:total 4 (2 cores per cpu, 2 threads per core) family 6 model 69 stepping 1, cmov, cx8, fxsr, mmx, sse, sse2, sse3, ssse3, sse4.1, sse4.2, popcnt, avx, avx2, aes, clmul, erms, lzcnt, ht, tsc, tscinvbit, bmi1, bmi2

Memory: 4k page, physical 8290124k(476944k free), swap 9338700k(3244k free)

vm_info: Java HotSpot(TM) 64-Bit Server VM (25.73-b02) for windows-amd64 JRE (1.8.0_73-b02), built on Jan 29 2016 17:38:49 by "java_re" with MS VC++ 10.0 (VS2010)

time: Fri May 19 13:42:11 2017
elapsed time: 0 seconds (0d 0h 0m 0s)

